[2m1:41:39 AM[22m [36m[1m[vite][22m[39m [90m[2m(client)[22m[39m Re-optimizing dependencies because vite config has changed

  [32m[1mVITE[22m v7.3.1[39m  [2mready in [0m[1m3322[22m[2m[0m ms[22m

  [32m➜[39m  [1mLocal[22m:   [36mhttp://localhost:[1m5173[22m/[39m
  [32m➜[39m  [1mNetwork[22m: [36mhttp://10.201.132.72:[1m5173[22m/[39m
[2m1:46:14 AM[22m [36m[1m[vite][22m[39m [90m[2m(client)[22m[39m [32mhmr update [39m[2m/src/Login/login.min-1200-max-1440.css[22m
[2m2:02:06 AM[22m [36m[1m[vite][22m[39m [90m[2m(client)[22m[39m [32mhmr update [39m[2m/src/PhenomedSocial/PhenomedSocial.jsx[22m
[2m2:02:13 AM[22m [36m[1m[vite][22m[39m [90m[2m(client)[22m[39m [32mpage reload [39m[2msrc/PhenomedSocial/PhenomedSocial.jsx[22m
[2m2:02:13 AM[22m [36m[1m[vite][22m[39m [90m[2m(client)[22m[39m [32mpage reload [39m[2msrc/PhenomedSocial/PhenomedSocial.jsx[22m
[2m2:02:13 AM[22m [36m[1m[vite][22m[39m [90m[2m(client)[22m[39m [32mhmr update [39m[2m/src/PhenomedSocial/PhenomedSocialArabic.jsx[22m
[2m2:02:13 AM[22m [36m[1m[vite][22m[39m [90m[2m(client)[22m[39m [32mhmr update [39m[2m/src/PhenomedSocial/phenomedsocial.css[22m
[2m2:02:55 AM[22m [36m[1m[vite][22m[39m [90m[2m(client)[22m[39m [32mhmr update [39m[2m/src/PhenomedSocial/phenomedsocial.max-width-500.css[22m
[2m2:06:33 AM[22m [36m[1m[vite][22m[39m [90m[2m(client)[22m[39m [32mhmr update [39m[2m/src/PhenomedSocial/PhenomedSocial.jsx[22m
[2m2:06:40 AM[22m [36m[1m[vite][22m[39m [90m[2m(client)[22m[39m [32mhmr update [39m[2m/src/PhenomedSocial/PhenomedSocial.jsx[22m
[2m2:06:52 AM[22m [36m[1m[vite][22m[39m [90m[2m(client)[22m[39m [32mhmr update [39m[2m/src/PhenomedSocial/phenomedsocial.css[22m
[2m2:07:25 AM[22m [36m[1m[vite][22m[39m [90m[2m(client)[22m[39m [32mhmr update [39m[2m/src/PhenomedSocial/PhenomedSocial.jsx[22m
[2m2:09:15 AM[22m [36m[1m[vite][22m[39m [90m[2m(client)[22m[39m [32mhmr update [39m[2m/src/PhenomedSocial/phenomedsocial.max-width-500.css[22m
[2m2:09:43 AM[22m [36m[1m[vite][22m[39m [90m[2m(client)[22m[39m [32mhmr update [39m[2m/src/PhenomedSocial/phenomedsocial.max-width-500.css[22m
[2m2:11:47 AM[22m [36m[1m[vite][22m[39m [90m[2m(client)[22m[39m [32mhmr update [39m[2m/src/PhenomedSocial/phenomedsocial.max-width-500.css[22m
[2m2:14:33 AM[22m [36m[1m[vite][22m[39m [90m[2m(client)[22m[39m [32mhmr update [39m[2m/src/PhenomedSocial/phenomedsocial.css[22m
[2m2:15:47 AM[22m [36m[1m[vite][22m[39m [90m[2m(client)[22m[39m [32mhmr update [39m[2m/src/App/Header/Nav/nav.css[22m
[2m2:16:48 AM[22m [36m[1m[vite][22m[39m [90m[2m(client)[22m[39m [32mhmr update [39m[2m/src/PhenomedSocial/phenomedsocial.css[22m
[2m2:19:44 AM[22m [36m[1m[vite][22m[39m [90m[2m(client)[22m[39m [32mhmr update [39m[2m/src/PhenomedSocial/PhenomedSocial.jsx[22m
[2m2:19:56 AM[22m [36m[1m[vite][22m[39m [90m[2m(client)[22m[39m [32mhmr update [39m[2m/src/PhenomedSocial/PhenomedSocialArabic.jsx[22m
[2m2:21:18 AM[22m [36m[1m[vite][22m[39m [90m[2m(client)[22m[39m [32mhmr update [39m[2m/src/PhenomedSocial/phenomedsocial.max-width-500.css[22m
[2m2:22:11 AM[22m [36m[1m[vite][22m[39m [90m[2m(client)[22m[39m [32mhmr update [39m[2m/src/PhenomedSocial/phenomedsocial.max-width-500.css[22m
[2m2:28:02 AM[22m [36m[1m[vite][22m[39m [90m[2m(client)[22m[39m [32mhmr update [39m[2m/src/PhenomedSocial/phenomedsocial.css[22m
[2m2:28:09 AM[22m [36m[1m[vite][22m[39m [90m[2m(client)[22m[39m [32mhmr update [39m[2m/src/PhenomedSocial/phenomedsocial.max-width-500.css[22m
[2m2:29:19 AM[22m [36m[1m[vite][22m[39m [90m[2m(client)[22m[39m [32mhmr update [39m[2m/src/PhenomedSocial/phenomedsocial.max-width-500.css[22m
[2m2:29:53 AM[22m [36m[1m[vite][22m[39m [90m[2m(client)[22m[39m [32mhmr update [39m[2m/src/PhenomedSocial/phenomedsocial.max-width-500.css[22m
[2m2:32:05 AM[22m [36m[1m[vite][22m[39m [90m[2m(client)[22m[39m [32mhmr update [39m[2m/src/PhenomedSocial/phenomedsocial.max-width-500.css[22m
[2m2:33:33 AM[22m [36m[1m[vite][22m[39m [90m[2m(client)[22m[39m [32mhmr update [39m[2m/src/PhenomedSocial/phenomedsocial.max-width-500.css[22m
[2m2:34:46 AM[22m [36m[1m[vite][22m[39m [90m[2m(client)[22m[39m [32mhmr update [39m[2m/src/PhenomedSocial/phenomedsocial.max-width-500.css[22m
[2m2:35:23 AM[22m [36m[1m[vite][22m[39m [90m[2m(client)[22m[39m [32mhmr update [39m[2m/src/PhenomedSocial/phenomedsocial.max-width-500.css[22m
[2m2:35:45 AM[22m [36m[1m[vite][22m[39m [90m[2m(client)[22m[39m [32mhmr update [39m[2m/src/PhenomedSocial/phenomedsocial.max-width-500.css[22m
[2m2:37:40 AM[22m [36m[1m[vite][22m[39m [90m[2m(client)[22m[39m [32mhmr update [39m[2m/src/PhenomedSocial/PhenomedSocial.jsx[22m
[2m2:39:03 AM[22m [36m[1m[vite][22m[39m [90m[2m(client)[22m[39m [32mhmr update [39m[2m/src/PhenomedSocial/moi/posts/Posts.jsx[22m
[2m2:39:18 AM[22m [36m[1m[vite][22m[39m [90m[2m(client)[22m[39m [32mhmr update [39m[2m/src/PhenomedSocial/moi/main/Main.jsx[22m
[2m2:39:30 AM[22m [36m[1m[vite][22m[39m [90m[2m(client)[22m[39m [32mhmr update [39m[2m/src/PhenomedSocial/PhenomedSocial.jsx[22m
[2m2:39:41 AM[22m [36m[1m[vite][22m[39m [90m[2m(client)[22m[39m [32mhmr update [39m[2m/src/PhenomedSocial/PhenomedSocialArabic.jsx[22m
[2m2:40:54 AM[22m [36m[1m[vite][22m[39m [90m[2m(client)[22m[39m [32mhmr update [39m[2m/src/PhenomedSocial/phenomedsocial.css[22m
[2m2:41:31 AM[22m [36m[1m[vite][22m[39m [90m[2m(client)[22m[39m [32mhmr update [39m[2m/src/PhenomedSocial/phenomedsocial.css[22m
[2m2:41:45 AM[22m [36m[1m[vite][22m[39m [90m[2m(client)[22m[39m [32mhmr update [39m[2m/src/PhenomedSocial/phenomedsocial.css[22m
[2m2:41:59 AM[22m [36m[1m[vite][22m[39m [90m[2m(client)[22m[39m [32mhmr update [39m[2m/src/PhenomedSocial/moi/posts/MountPosts/MountPosts.jsx[22m
[2m2:43:09 AM[22m [36m[1m[vite][22m[39m [90m[2m(client)[22m[39m [32mhmr update [39m[2m/src/PhenomedSocial/phenomedsocial.css[22m
[2m2:43:19 AM[22m [36m[1m[vite][22m[39m [90m[2m(client)[22m[39m [32mhmr update [39m[2m/src/PhenomedSocial/PhenomedSocial.jsx[22m
[2m2:43:29 AM[22m [36m[1m[vite][22m[39m [90m[2m(client)[22m[39m [32mhmr update [39m[2m/src/PhenomedSocial/PhenomedSocialArabic.jsx[22m
[2m2:46:55 AM[22m [36m[1m[vite][22m[39m [90m[2m(client)[22m[39m [32mhmr update [39m[2m/src/App/Header/Nav/Dim/Dim.jsx[22m
[2m2:46:55 AM[22m [36m[1m[vite][22m[39m [90m[2m(client)[22m[39m [32mhmr update [39m[2m/src/PhenomedSocial/phenomedsocial.css[22m
[2m2:46:55 AM[22m [36m[1m[vite][22m[39m [90m[2m(client)[22m[39m [32mhmr update [39m[2m/src/PhenomedSocial/phenomedsocial.max-width-500.css[22m
[2m2:47:58 AM[22m [36m[1m[vite][22m[39m [90m[2m(client)[22m[39m [32mhmr update [39m[2m/src/PhenomedSocial/PhenomedSocial.jsx[22m
[2m2:47:58 AM[22m [36m[1m[vite][22m[39m [90m[2m(client)[22m[39m [32mhmr update [39m[2m/src/PhenomedSocial/PhenomedSocialArabic.jsx[22m
[2m2:50:06 AM[22m [36m[1m[vite][22m[39m [90m[2m(client)[22m[39m [32mhmr update [39m[2m/src/PhenomedSocial/phenomedsocial.css[22m
[2m2:50:26 AM[22m [36m[1m[vite][22m[39m [90m[2m(client)[22m[39m [32mhmr update [39m[2m/src/PhenomedSocial/phenomedsocial.css[22m
[2m2:51:24 AM[22m [36m[1m[vite][22m[39m [90m[2m(client)[22m[39m [32mhmr update [39m[2m/src/PhenomedSocial/PhenomedSocial.jsx[22m
[2m2:51:24 AM[22m [36m[1m[vite][22m[39m [90m[2m(client)[22m[39m [32mhmr update [39m[2m/src/PhenomedSocial/PhenomedSocialArabic.jsx[22m
[2m2:51:56 AM[22m [36m[1m[vite][22m[39m [90m[2m(client)[22m[39m [32mhmr update [39m[2m/src/PhenomedSocial/PhenomedSocial.jsx[22m
[2m2:51:56 AM[22m [36m[1m[vite][22m[39m [90m[2m(client)[22m[39m [32mhmr update [39m[2m/src/PhenomedSocial/PhenomedSocialArabic.jsx[22m
[2m2:53:14 AM[22m [36m[1m[vite][22m[39m [90m[2m(client)[22m[39m [32mhmr update [39m[2m/src/PhenomedSocial/PhenomedSocial.jsx[22m
[2m2:53:14 AM[22m [36m[1m[vite][22m[39m [90m[2m(client)[22m[39m [32mhmr update [39m[2m/src/PhenomedSocial/PhenomedSocialArabic.jsx[22m
[2m2:53:15 AM[22m [36m[1m[vite][22m[39m [90m[2m(client)[22m[39m [32mhmr update [39m[2m/src/PhenomedSocial/phenomedsocial.css[22m
[2m2:54:26 AM[22m [36m[1m[vite][22m[39m [90m[2m(client)[22m[39m [32mhmr update [39m[2m/src/PhenomedSocial/phenomedsocial.css[22m
[2m2:55:47 AM[22m [36m[1m[vite][22m[39m [90m[2m(client)[22m[39m [32mhmr update [39m[2m/src/PhenomedSocial/PhenomedSocial.jsx[22m
[2m2:55:47 AM[22m [36m[1m[vite][22m[39m [90m[2m(client)[22m[39m [32mhmr update [39m[2m/src/PhenomedSocial/PhenomedSocialArabic.jsx[22m
[2m2:57:01 AM[22m [36m[1m[vite][22m[39m [90m[2m(client)[22m[39m [32mhmr update [39m[2m/src/PhenomedSocial/phenomedsocial.css[22m
[2m2:58:34 AM[22m [36m[1m[vite][22m[39m [90m[2m(client)[22m[39m [32mhmr update [39m[2m/src/PhenomedSocial/phenomedsocial.css[22m
[2m2:59:15 AM[22m [36m[1m[vite][22m[39m [90m[2m(client)[22m[39m [32mhmr update [39m[2m/src/PhenomedSocial/phenomedsocial.css[22m
[2m3:00:49 AM[22m [36m[1m[vite][22m[39m [90m[2m(client)[22m[39m [32mhmr update [39m[2m/src/PhenomedSocial/phenomedsocial.css[22m
[2m3:01:46 AM[22m [36m[1m[vite][22m[39m [90m[2m(client)[22m[39m [32mhmr update [39m[2m/src/PhenomedSocial/phenomedsocial.css[22m
[2m3:02:10 AM[22m [36m[1m[vite][22m[39m [90m[2m(client)[22m[39m [32mhmr update [39m[2m/src/PhenomedSocial/phenomedsocial.css[22m
[2m3:02:22 AM[22m [36m[1m[vite][22m[39m [90m[2m(client)[22m[39m [32mhmr update [39m[2m/src/PhenomedSocial/phenomedsocial.css[22m
[2m3:02:50 AM[22m [36m[1m[vite][22m[39m [90m[2m(client)[22m[39m [32mhmr update [39m[2m/src/PhenomedSocial/phenomedsocial.css[22m
[2m3:04:02 AM[22m [36m[1m[vite][22m[39m [90m[2m(client)[22m[39m [32mhmr update [39m[2m/src/PhenomedSocial/phenomedsocial.css[22m
[2m3:04:02 AM[22m [36m[1m[vite][22m[39m [90m[2m(client)[22m[39m [32mhmr update [39m[2m/src/PhenomedSocial/moi/friends/FriendsList/FriendsList.jsx[22m
[2m3:04:43 AM[22m [36m[1m[vite][22m[39m [90m[2m(client)[22m[39m [32mhmr update [39m[2m/src/PhenomedSocial/phenomedsocial.css[22m
[2m3:05:35 AM[22m [36m[1m[vite][22m[39m [90m[2m(client)[22m[39m [32mhmr update [39m[2m/src/PhenomedSocial/moi/friends/DropHorizontally.jsx[22m
[2m3:06:46 AM[22m [36m[1m[vite][22m[39m [90m[2m(client)[22m[39m [32mhmr update [39m[2m/src/PhenomedSocial/phenomedsocial.css[22m
[2m3:07:21 AM[22m [36m[1m[vite][22m[39m [90m[2m(client)[22m[39m [32mhmr update [39m[2m/src/PhenomedSocial/phenomedsocial.css[22m
[2m3:07:42 AM[22m [36m[1m[vite][22m[39m [90m[2m(client)[22m[39m [32mhmr update [39m[2m/src/PhenomedSocial/phenomedsocial.css[22m
[2m3:08:24 AM[22m [36m[1m[vite][22m[39m [90m[2m(client)[22m[39m [32mhmr update [39m[2m/src/PhenomedSocial/phenomedsocial.css[22m
[2m3:09:00 AM[22m [36m[1m[vite][22m[39m [90m[2m(client)[22m[39m [32mhmr update [39m[2m/src/PhenomedSocial/phenomedsocial.css[22m
[2m3:09:24 AM[22m [36m[1m[vite][22m[39m [90m[2m(client)[22m[39m [32mhmr update [39m[2m/src/PhenomedSocial/phenomedsocial.css[22m
[2m3:10:11 AM[22m [36m[1m[vite][22m[39m [90m[2m(client)[22m[39m [32mhmr update [39m[2m/src/PhenomedSocial/PhenomedSocial_Nav.jsx[22m
[2m3:10:11 AM[22m [36m[1m[vite][22m[39m [90m[2m(client)[22m[39m [32mhmr update [39m[2m/src/PhenomedSocial/phenomedsocial.css[22m
[2m3:10:11 AM[22m [36m[1m[vite][22m[39m [90m[2m(client)[22m[39m [32mhmr update [39m[2m/src/PhenomedSocial/PhenomedSocial_Nav.jsx[22m
[2m3:10:35 AM[22m [36m[1m[vite][22m[39m [90m[2m(client)[22m[39m [32mhmr update [39m[2m/src/PhenomedSocial/phenomedsocial.css[22m
[2m3:12:22 AM[22m [36m[1m[vite][22m[39m [90m[2m(client)[22m[39m [32mhmr update [39m[2m/src/PhenomedSocial/moi/posts/MountPosts/MountPosts.jsx[22m
[2m3:12:22 AM[22m [36m[1m[vite][22m[39m [90m[2m(client)[22m[39m [32mhmr update [39m[2m/src/PhenomedSocial/phenomedsocial.css[22m
[2m3:12:46 AM[22m [36m[1m[vite][22m[39m [90m[2m(client)[22m[39m [32mhmr update [39m[2m/src/PhenomedSocial/phenomedsocial.css[22m
[2m3:13:20 AM[22m [36m[1m[vite][22m[39m [90m[2m(client)[22m[39m [32mhmr update [39m[2m/src/PhenomedSocial/phenomedsocial.css[22m
[2m3:14:09 AM[22m [36m[1m[vite][22m[39m [90m[2m(client)[22m[39m [32mhmr update [39m[2m/src/PhenomedSocial/phenomedsocial.css[22m
[2m3:14:38 AM[22m [36m[1m[vite][22m[39m [90m[2m(client)[22m[39m [32mhmr update [39m[2m/src/PhenomedSocial/phenomedsocial.css[22m
[2m3:15:15 AM[22m [36m[1m[vite][22m[39m [90m[2m(client)[22m[39m [32mhmr update [39m[2m/src/PhenomedSocial/phenomedsocial.css[22m
[2m3:17:37 AM[22m [36m[1m[vite][22m[39m [90m[2m(client)[22m[39m [32mhmr update [39m[2m/src/PhenomedSocial/moi/friends/FriendsList/FriendsList.jsx[22m
[2m3:17:37 AM[22m [36m[1m[vite][22m[39m [90m[2m(client)[22m[39m [32mhmr update [39m[2m/src/PhenomedSocial/moi/friends/FriendChat/FriendChat.jsx[22m
[2m3:18:27 AM[22m [36m[1m[vite][22m[39m [90m[2m(client)[22m[39m [32mhmr update [39m[2m/src/App/App.css[22m
[2m3:20:59 AM[22m [36m[1m[vite][22m[39m [90m[2m(client)[22m[39m [32mhmr update [39m[2m/src/PhenomedSocial/PhenomedSocial.jsx[22m
[2m3:20:59 AM[22m [36m[1m[vite][22m[39m [90m[2m(client)[22m[39m [32mhmr update [39m[2m/src/PhenomedSocial/PhenomedSocial.jsx[22m
[2m3:20:59 AM[22m [36m[1m[vite][22m[39m [90m[2m(client)[22m[39m [32mhmr update [39m[2m/src/PhenomedSocial/PhenomedSocialArabic.jsx[22m
[2m3:20:59 AM[22m [36m[1m[vite][22m[39m [90m[2m(client)[22m[39m [32mhmr update [39m[2m/src/PhenomedSocial/PhenomedSocialArabic.jsx[22m
[2m3:20:59 AM[22m [36m[1m[vite][22m[39m [90m[2m(client)[22m[39m [32mhmr update [39m[2m/src/PhenomedSocial/PhenomedSocialArabic.jsx[22m
[2m3:24:20 AM[22m [36m[1m[vite][22m[39m [90m[2m(client)[22m[39m [32mhmr update [39m[2m/src/App/App.css[22m
[2m3:24:20 AM[22m [36m[1m[vite][22m[39m [90m[2m(client)[22m[39m [32mhmr update [39m[2m/src/App/App.css[22m
[2m3:24:20 AM[22m [36m[1m[vite][22m[39m [90m[2m(client)[22m[39m [32mhmr update [39m[2m/src/PhenomedSocial/phenomedsocial.css[22m
[2m3:24:21 AM[22m [36m[1m[vite][22m[39m [90m[2m(client)[22m[39m [32mhmr update [39m[2m/src/PhenomedSocial/phenomedsocial.max-width-500.css[22m
[2m3:26:14 AM[22m [36m[1m[vite][22m[39m [90m[2m(client)[22m[39m [32mhmr update [39m[2m/src/PhenomedSocial/PhenomedSocial.jsx[22m
[2m3:28:33 AM[22m [36m[1m[vite][22m[39m [90m[2m(client)[22m[39m [32mpage reload [39m[2msrc/App/App.js[22m
[2m3:28:33 AM[22m [36m[1m[vite][22m[39m [90m[2m(client)[22m[39m [32mhmr update [39m[2m/src/PhenomedSocial/PhenomedSocial.jsx[22m
[2m3:28:33 AM[22m [36m[1m[vite][22m[39m [90m[2m(client)[22m[39m [32mhmr update [39m[2m/src/PhenomedSocial/PhenomedSocial.jsx[22m
[2m3:28:33 AM[22m [36m[1m[vite][22m[39m [90m[2m(client)[22m[39m [32mhmr update [39m[2m/src/PhenomedSocial/PhenomedSocialArabic.jsx[22m
[2m3:28:34 AM[22m [36m[1m[vite][22m[39m [90m[2m(client)[22m[39m [32mhmr update [39m[2m/src/PhenomedSocial/moi/main/Main.jsx[22m
[2m3:28:34 AM[22m [36m[1m[vite][22m[39m [90m[2m(client)[22m[39m [32mhmr update [39m[2m/src/PhenomedSocial/moi/main/Main.jsx[22m
[2m3:28:34 AM[22m [36m[1m[vite][22m[39m [90m[2m(client)[22m[39m [32mhmr update [39m[2m/src/PhenomedSocial/moi/friends/Friends.jsx[22m
[2m3:28:34 AM[22m [36m[1m[vite][22m[39m [90m[2m(client)[22m[39m [32mhmr update [39m[2m/src/PhenomedSocial/moi/friends/FriendsList/FriendsList.jsx[22m
[2m3:30:37 AM[22m [36m[1m[vite][22m[39m [90m[2m(client)[22m[39m [32mhmr update [39m[2m/src/PhenomedSocial/phenomedsocial.css[22m
[2m3:32:30 AM[22m [36m[1m[vite][22m[39m [90m[2m(client)[22m[39m [32mhmr update [39m[2m/src/PhenomedSocial/phenomedsocial.css[22m
[2m3:33:37 AM[22m [36m[1m[vite][22m[39m [90m[2m(client)[22m[39m [32mhmr update [39m[2m/src/PhenomedSocial/moi/friends/FriendsList/FriendsList.jsx[22m
[2m3:33:37 AM[22m [36m[1m[vite][22m[39m [90m[2m(client)[22m[39m [32mhmr update [39m[2m/src/PhenomedSocial/phenomedsocial.css[22m
[2m3:33:54 AM[22m [36m[1m[vite][22m[39m [90m[2m(client)[22m[39m [32mhmr update [39m[2m/src/PhenomedSocial/phenomedsocial.css[22m
[2m3:37:37 AM[22m [36m[1m[vite][22m[39m [90m[2m(client)[22m[39m [32mhmr update [39m[2m/src/App/Header/Nav/Notifications/Notifications.jsx[22m
[2m3:37:37 AM[22m [36m[1m[vite][22m[39m [90m[2m(client)[22m[39m [32mhmr update [39m[2m/src/PhenomedSocial/PhenomedSocial_Nav.jsx[22m
[2m3:37:38 AM[22m [36m[1m[vite][22m[39m [90m[2m(client)[22m[39m [32mhmr update [39m[2m/src/PhenomedSocial/PhenomedSocial.jsx[22m
[2m3:37:38 AM[22m [36m[1m[vite][22m[39m [90m[2m(client)[22m[39m [32mhmr update [39m[2m/src/PhenomedSocial/phenomedsocial.css[22m
[2m3:38:31 AM[22m [36m[1m[vite][22m[39m [90m[2m(client)[22m[39m [32mhmr update [39m[2m/src/PhenomedSocial/PhenomedSocial.jsx[22m
[2m3:39:36 AM[22m [36m[1m[vite][22m[39m [90m[2m(client)[22m[39m [32mhmr update [39m[2m/src/PhenomedSocial/PhenomedSocial.jsx[22m
[2m3:40:24 AM[22m [36m[1m[vite][22m[39m [90m[2m(client)[22m[39m [32mhmr update [39m[2m/src/PhenomedSocial/PhenomedSocial.jsx[22m
[2m3:40:24 AM[22m [36m[1m[vite][22m[39m [90m[2m(client)[22m[39m [32mhmr update [39m[2m/src/PhenomedSocial/PhenomedSocial.jsx[22m
[2m3:40:24 AM[22m [36m[1m[vite][22m[39m [90m[2m(client)[22m[39m [32mhmr update [39m[2m/src/PhenomedSocial/PhenomedSocial.jsx[22m
[2m3:42:24 AM[22m [36m[1m[vite][22m[39m [90m[2m(client)[22m[39m [32mhmr update [39m[2m/src/PhenomedSocial/phenomedsocial.css[22m
[2m3:44:03 AM[22m [36m[1m[vite][22m[39m [90m[2m(client)[22m[39m [32mhmr update [39m[2m/src/PhenomedSocial/phenomedsocial.css[22m
[2m3:45:11 AM[22m [36m[1m[vite][22m[39m [90m[2m(client)[22m[39m [32mhmr update [39m[2m/src/PhenomedSocial/phenomedsocial.css[22m
[2m3:45:37 AM[22m [36m[1m[vite][22m[39m [90m[2m(client)[22m[39m [32mhmr update [39m[2m/src/PhenomedSocial/phenomedsocial.css[22m
[2m3:45:58 AM[22m [36m[1m[vite][22m[39m [90m[2m(client)[22m[39m [32mhmr update [39m[2m/src/PhenomedSocial/phenomedsocial.css[22m
[2m3:46:24 AM[22m [36m[1m[vite][22m[39m [90m[2m(client)[22m[39m [32mhmr update [39m[2m/src/PhenomedSocial/phenomedsocial.css[22m
[2m3:46:58 AM[22m [36m[1m[vite][22m[39m [90m[2m(client)[22m[39m [32mhmr update [39m[2m/src/PhenomedSocial/phenomedsocial.css[22m
[2m3:47:33 AM[22m [36m[1m[vite][22m[39m [90m[2m(client)[22m[39m [32mhmr update [39m[2m/src/PhenomedSocial/phenomedsocial.css[22m
[2m3:47:57 AM[22m [36m[1m[vite][22m[39m [90m[2m(client)[22m[39m [32mhmr update [39m[2m/src/PhenomedSocial/phenomedsocial.css[22m
[2m3:48:20 AM[22m [36m[1m[vite][22m[39m [90m[2m(client)[22m[39m [32mhmr update [39m[2m/src/PhenomedSocial/phenomedsocial.css[22m
[2m3:48:20 AM[22m [36m[1m[vite][22m[39m [90m[2m(client)[22m[39m [32mhmr update [39m[2m/src/PhenomedSocial/phenomedsocial.css[22m
[2m3:49:12 AM[22m [36m[1m[vite][22m[39m [90m[2m(client)[22m[39m [32mhmr update [39m[2m/src/PhenomedSocial/phenomedsocial.css[22m
[2m3:54:28 AM[22m [36m[1m[vite][22m[39m [90m[2m(client)[22m[39m [32mhmr update [39m[2m/src/PhenomedSocial/moi/friends/Friends.jsx[22m
[2m3:54:28 AM[22m [36m[1m[vite][22m[39m [90m[2m(client)[22m[39m [32mhmr update [39m[2m/src/PhenomedSocial/moi/friends/FriendsList/FriendsList.jsx[22m
[2m3:54:28 AM[22m [36m[1m[vite][22m[39m [90m[2m(client)[22m[39m [32mhmr update [39m[2m/src/PhenomedSocial/moi/friends/FriendChat/FriendChat.jsx[22m
[2m3:54:28 AM[22m [36m[1m[vite][22m[39m [90m[2m(client)[22m[39m [32mhmr update [39m[2m/src/PhenomedSocial/PhenomedSocial.jsx[22m
[2m3:54:28 AM[22m [36m[1m[vite][22m[39m [90m[2m(client)[22m[39m [32mhmr update [39m[2m/src/PhenomedSocial/PhenomedSocialArabic.jsx[22m
[2m3:54:28 AM[22m [36m[1m[vite][22m[39m [90m[2m(client)[22m[39m [32mhmr update [39m[2m/src/PhenomedSocial/phenomedsocial.css[22m
[2m3:56:52 AM[22m [36m[1m[vite][22m[39m [90m[2m(client)[22m[39m [32mhmr update [39m[2m/src/PhenomedSocial/moi/friends/Friends.jsx[22m
[2m3:56:52 AM[22m [36m[1m[vite][22m[39m [90m[2m(client)[22m[39m [32mhmr update [39m[2m/src/PhenomedSocial/moi/friends/FriendsList/FriendsList.jsx[22m
[2m3:57:44 AM[22m [36m[1m[vite][22m[39m [90m[2m(client)[22m[39m [32mhmr update [39m[2m/src/PhenomedSocial/phenomedsocial.css[22m
[2m3:58:01 AM[22m [36m[1m[vite][22m[39m [90m[2m(client)[22m[39m [32mhmr update [39m[2m/src/PhenomedSocial/moi/friends/FriendsList/FriendsList.jsx[22m
[2m4:11:48 AM[22m [36m[1m[vite][22m[39m [90m[2m(client)[22m[39m [32mhmr update [39m[2m/src/PhenomedSocial/moa/friends/SearchUsers/SearchUsers.jsx[22m
[2m4:11:48 AM[22m [36m[1m[vite][22m[39m [90m[2m(client)[22m[39m [32mhmr update [39m[2m/src/PhenomedSocial/moi/friends/Friends.jsx[22m
[2m4:11:48 AM[22m [36m[1m[vite][22m[39m [90m[2m(client)[22m[39m [32mhmr update [39m[2m/src/PhenomedSocial/moi/friends/FriendsList/FriendsList.jsx[22m
[2m4:15:40 AM[22m [36m[1m[vite][22m[39m [90m[2m(client)[22m[39m [32mpage reload [39m[2msrc/App/App.js[22m
[2m4:15:40 AM[22m [36m[1m[vite][22m[39m [90m[2m(client)[22m[39m [32mpage reload [39m[2msrc/App/App.js[22m
[2m4:15:40 AM[22m [36m[1m[vite][22m[39m [90m[2m(client)[22m[39m [32mhmr update [39m[2m/src/PhenomedSocial/PhenomedSocial.jsx[22m
[2m4:16:30 AM[22m [36m[1m[vite][22m[39m [90m[2m(client)[22m[39m [32mhmr update [39m[2m/src/PhenomedSocial/PhenomedSocial.jsx[22m
[2m4:16:30 AM[22m [36m[1m[vite][22m[39m [90m[2m(client)[22m[39m [32mhmr update [39m[2m/src/PhenomedSocial/phenomedsocial.css[22m
[2m4:19:14 AM[22m [36m[1m[vite][22m[39m [90m[2m(client)[22m[39m [32mhmr update [39m[2m/src/PhenomedSocial/PhenomedSocial.jsx[22m
[2m4:19:14 AM[22m [36m[1m[vite][22m[39m [90m[2m(client)[22m[39m [32mhmr update [39m[2m/src/PhenomedSocial/phenomedsocial.css[22m
[2m4:19:54 AM[22m [36m[1m[vite][22m[39m [90m[2m(client)[22m[39m [32mhmr update [39m[2m/src/App/App.css[22m
[2m4:21:08 AM[22m [36m[1m[vite][22m[39m [90m[2m(client)[22m[39m [32mhmr update [39m[2m/src/PhenomedSocial/phenomedsocial.max-width-500.css[22m
[2m4:22:00 AM[22m [36m[1m[vite][22m[39m [90m[2m(client)[22m[39m [32mhmr update [39m[2m/src/PhenomedSocial/phenomedsocial.css[22m
[2m4:22:27 AM[22m [36m[1m[vite][22m[39m [90m[2m(client)[22m[39m [32mhmr update [39m[2m/src/PhenomedSocial/PhenomedSocial.jsx[22m
[2m4:23:19 AM[22m [36m[1m[vite][22m[39m [90m[2m(client)[22m[39m [32mhmr update [39m[2m/src/PhenomedSocial/phenomedsocial.css[22m
[2m4:23:19 AM[22m [36m[1m[vite][22m[39m [90m[2m(client)[22m[39m [32mhmr update [39m[2m/src/PhenomedSocial/phenomedsocial.max-width-500.css[22m
[2m4:24:06 AM[22m [36m[1m[vite][22m[39m [90m[2m(client)[22m[39m [32mhmr update [39m[2m/src/PhenomedSocial/PhenomedSocial.jsx[22m
[2m4:24:43 AM[22m [36m[1m[vite][22m[39m [32mvite.config.js changed, restarting server...[39m
[2m4:24:43 AM[22m [36m[1m[vite][22m[39m [32mvite.config.js changed, restarting server...[39m
[2m4:24:43 AM[22m [36m[1m[vite][22m[39m server restarted.
